  main.cpp
D:\Инфа\Lab11\CPP.hpp(4,1): error C2504: CodeGenerator: не определен базовый класс
D:\Инфа\Lab11\CPP.hpp(22,7): error C3646: e_language: неизвестный спецификатор переопределения
D:\Инфа\Lab11\CPP.hpp(22,17): error C4430: отсутствует спецификатор типа - предполагается int. Примечание. C++ не поддерживает int по умолчанию
D:\Инфа\Lab11\CPP.hpp(16,14): error C3668: CPPcodeGenerator::someCodeRelatedThing: метод со спецификатором переопределения "override" не переопределяет какие-либо методы базового класса
D:\Инфа\Lab11\CPP.hpp(7,23): error C2614: CPPcodeGenerator: недопустимая инициализация члена: "CodeGenerator" не является базовым классом или членом
D:\Инфа\Lab11\PHP.hpp(4,1): error C2504: CodeGenerator: не определен базовый класс
D:\Инфа\Lab11\PHP.hpp(22,7): error C3646: e_language: неизвестный спецификатор переопределения
D:\Инфа\Lab11\PHP.hpp(22,17): error C4430: отсутствует спецификатор типа - предполагается int. Примечание. C++ не поддерживает int по умолчанию
D:\Инфа\Lab11\PHP.hpp(16,14): error C3668: PHPcodeGenerator::someCodeRelatedThing: метод со спецификатором переопределения "override" не переопределяет какие-либо методы базового класса
D:\Инфа\Lab11\PHP.hpp(7,23): error C2614: PHPcodeGenerator: недопустимая инициализация члена: "CodeGenerator" не является базовым классом или членом
D:\Инфа\Lab11\JAVA.hpp(4,1): error C2504: CodeGenerator: не определен базовый класс
D:\Инфа\Lab11\JAVA.hpp(23,7): error C3646: e_language: неизвестный спецификатор переопределения
D:\Инфа\Lab11\JAVA.hpp(23,17): error C4430: отсутствует спецификатор типа - предполагается int. Примечание. C++ не поддерживает int по умолчанию
D:\Инфа\Lab11\JAVA.hpp(17,14): error C3668: JAVAcodeGenerator::someCodeRelatedThing: метод со спецификатором переопределения "override" не переопределяет какие-либо методы базового класса
D:\Инфа\Lab11\JAVA.hpp(7,24): error C2614: JAVAcodeGenerator: недопустимая инициализация члена: "CodeGenerator" не является базовым классом или членом
D:\Инфа\Lab11\main.cpp(7,20): error C2039: "generateCode": не является членом "JAVAcodeGenerator".
D:\Инфа\Lab11\JAVA.hpp(3): message : см. объявление "JAVAcodeGenerator"
D:\Инфа\Lab11\main.cpp(9,19): error C2039: "generateCode": не является членом "CPPcodeGenerator".
D:\Инфа\Lab11\CPP.hpp(3): message : см. объявление "CPPcodeGenerator"
D:\Инфа\Lab11\main.cpp(11,19): error C2039: "generateCode": не является членом "PHPcodeGenerator".
D:\Инфа\Lab11\PHP.hpp(3): message : см. объявление "PHPcodeGenerator"
